<?xml version="1.0" encoding="UTF-8"?>
<!-- Generated by org.testng.reporters.JUnitReportReporter -->
<testsuite hostname="CGINES-L01" failures="0" tests="1" name="Demo.TestNGDemo" time="7.213" errors="0" timestamp="2022-07-21T13:43:35 PST" skipped="0">
  <testcase classname="Demo.TestNGDemo" name="validLoginTest" time="7.213"/>
  <system-out/>
</testsuite> <!-- Demo.TestNGDemo -->
