<?xml version="1.0" encoding="UTF-8"?>
<!-- Generated by org.testng.reporters.JUnitReportReporter -->
<testsuite hostname="CGINES-L01" failures="0" tests="3" name="TestNGDemos.TestNGListenersDemo2" time="0.004" errors="0" timestamp="2022-08-19T11:49:04 PST" skipped="1">
  <testcase classname="TestNGDemos.TestNGListenersDemo2" name="test4" time="0.002"/>
  <system-out/>
  <testcase classname="TestNGDemos.TestNGListenersDemo2" name="test5" time="0.001"/>
  <system-out/>
  <testcase classname="TestNGDemos.TestNGListenersDemo2" name="test6" time="0.001">
    <skipped/>
  </testcase> <!-- test6 -->
  <system-out/>
</testsuite> <!-- TestNGDemos.TestNGListenersDemo2 -->
